<?xml version="1.0" encoding="UTF-8"?>
<!-- Generated by org.testng.reporters.JUnitXMLReporter -->
<testsuite ignored="0" hostname="LAPTOP-BKNNN7A8" failures="0" tests="10" name="opencart webapp" time="97.561" errors="0" timestamp="2022-03-14T09:52:21 IST">
  <testcase classname="com.opencart.testcases.tc_001_login" name="login" time="11.432"/>
  <testcase classname="com.opencart.testcases.tc_002_login_dtd" name="loginDtd" time="15.61"/>
  <testcase classname="com.opencart.testcases.tc_002_login_dtd" name="loginDtd" time="7.911"/>
  <testcase classname="com.opencart.testcases.tc_002_login_dtd" name="loginDtd" time="7.638"/>
  <testcase classname="com.opencart.testcases.tc_003_register" name="register" time="5.956"/>
  <testcase classname="com.opencart.testcases.tc_004_logout" name="logOut" time="9.921"/>
  <testcase classname="com.opencart.testcases.tc_005_searchProduct" name="searchProductWithValidName" time="1.603"/>
  <testcase classname="com.opencart.testcases.tc_005_searchProduct" name="searchProductWithInvalidName" time="1.677"/>
  <testcase classname="com.opencart.testcases.tc_006_productDescription" name="productDecription" time="4.045"/>
  <testcase classname="com.opencart.testcases.tc_007_addToCart" name="addToCart" time="8.339"/>
</testsuite> <!-- opencart webapp -->
