<?xml version="1.0" encoding="UTF-8"?>
<!-- Generated by org.testng.reporters.JUnitXMLReporter -->
<testsuite ignored="0" hostname="LAPTOP-BKNNN7A8" failures="0" tests="10" name="opencart webapp" time="100.43" errors="0" timestamp="2022-03-14T09:40:49 IST">
  <testcase classname="com.opencart.testcases.tc_001_login" name="login" time="12.773"/>
  <testcase classname="com.opencart.testcases.tc_002_login_dtd" name="loginDtd" time="15.519"/>
  <testcase classname="com.opencart.testcases.tc_002_login_dtd" name="loginDtd" time="7.465"/>
  <testcase classname="com.opencart.testcases.tc_002_login_dtd" name="loginDtd" time="7.474"/>
  <testcase classname="com.opencart.testcases.tc_003_register" name="register" time="5.781"/>
  <testcase classname="com.opencart.testcases.tc_004_logout" name="logOut" time="9.489"/>
  <testcase classname="com.opencart.testcases.tc_005_searchProduct" name="searchProductWithValidName" time="1.491"/>
  <testcase classname="com.opencart.testcases.tc_005_searchProduct" name="searchProductWithInvalidName" time="1.523"/>
  <testcase classname="com.opencart.testcases.tc_006_productDescription" name="productDecription" time="3.795"/>
  <testcase classname="com.opencart.testcases.tc_007_addToCart" name="addToCart" time="8.142"/>
</testsuite> <!-- opencart webapp -->
