<?xml version="1.0" encoding="UTF-8"?>
<!-- Generated by org.testng.reporters.JUnitXMLReporter -->
<testsuite ignored="0" hostname="LAPTOP-BKNNN7A8" failures="0" tests="3" name="opencart webapp" time="39.611" errors="0" timestamp="2022-03-05T12:16:34 IST">
  <testcase classname="com.opencart.testcases.tc_002_login_dtd" name="loginDtd" time="16.979"/>
  <testcase classname="com.opencart.testcases.tc_002_login_dtd" name="loginDtd" time="8.21"/>
  <testcase classname="com.opencart.testcases.tc_002_login_dtd" name="loginDtd" time="8.156"/>
</testsuite> <!-- opencart webapp -->
