<?xml version="1.0" encoding="UTF-8"?>
<testsuite xmlns:xsi="http://www.w3.org/2001/XMLSchema-instance" xsi:noNamespaceSchemaLocation="https://maven.apache.org/surefire/maven-surefire-plugin/xsd/surefire-test-report-3.0.xsd" version="3.0" name="TestSuite" time="98.334" tests="10" errors="0" skipped="0" failures="0">
  <properties>
[...]
</properties>
  <testcase name="login" classname="com.opencart.testcases.tc_001_login" time="11.426">
    <system-out><![CDATA[ INFO [TestNG-tests-1] (baseClass.java:42)- chrome browser is starting...
 INFO [TestNG-tests-1] (baseClass.java:61)- url opened...
 INFO [TestNG-tests-1] (tc_001_login.java:21)- login link clicked...
 INFO [TestNG-tests-1] (tc_001_login.java:24)- email entered...
 INFO [TestNG-tests-1] (tc_001_login.java:27)- password entered...
 INFO [TestNG-tests-1] (tc_001_login.java:31)- login button clicked...
 INFO [TestNG-tests-1] (tc_001_login.java:36)- testcase passed...
]]></system-out>
    <system-err><![CDATA[log4j:ERROR Could not find value for key log4j.appender.TTCC
log4j:ERROR Could not instantiate appender named "TTCC".
SLF4J: Failed to load class "org.slf4j.impl.StaticLoggerBinder".
SLF4J: Defaulting to no-operation (NOP) logger implementation
SLF4J: See http://www.slf4j.org/codes.html#StaticLoggerBinder for further details.
ERROR StatusLogger Log4j2 could not find a logging implementation. Please add log4j-core to the classpath. Using SimpleLogger to log to the console...
Starting ChromeDriver 99.0.4844.51 (d537ec02474b5afe23684e7963d538896c63ac77-refs/branch-heads/4844@{#875}) on port 63679
Only local connections are allowed.
Please see https://chromedriver.chromium.org/security-considerations for suggestions on keeping ChromeDriver safe.
ChromeDriver was started successfully.
Mar 14, 2022 9:50:46 AM org.openqa.selenium.remote.ProtocolHandshake createSession
INFO: Detected dialect: W3C
Mar 14, 2022 9:50:46 AM org.openqa.selenium.devtools.CdpVersionFinder findNearestMatch
WARNING: Unable to find an exact match for CDP version 99, so returning the closest version found: 97
Mar 14, 2022 9:50:46 AM org.openqa.selenium.devtools.CdpVersionFinder findNearestMatch
INFO: Found CDP implementation for version 99 of 97
]]></system-err>
  </testcase>
  <testcase name="loginDtd[zxccxz@gmail.com, 1234567890, valid](1)" classname="com.opencart.testcases.tc_002_login_dtd" time="15.605">
    <system-out><![CDATA[ INFO [TestNG-tests-1] (baseClass.java:68)- clossing the browser...
 INFO [TestNG-tests-1] (baseClass.java:42)- chrome browser is starting...
 INFO [TestNG-tests-1] (baseClass.java:61)- url opened...
 INFO [TestNG-tests-1] (tc_002_login_dtd.java:23)- login link cliked...
 INFO [TestNG-tests-1] (tc_002_login_dtd.java:26)- email entered...
 INFO [TestNG-tests-1] (tc_002_login_dtd.java:29)- password entered...
 INFO [TestNG-tests-1] (tc_002_login_dtd.java:33)- login button clicked...
 INFO [TestNG-tests-1] (tc_002_login_dtd.java:40)- testcase passed...
 INFO [TestNG-tests-1] (tc_002_login_dtd.java:44)- click on Myaccount menu...
 INFO [TestNG-tests-1] (tc_002_login_dtd.java:47)- click on logout button...
 INFO [TestNG-tests-1] (tc_002_login_dtd.java:50)- click on continue button...
]]></system-out>
    <system-err><![CDATA[log4j:ERROR Could not find value for key log4j.appender.TTCC
log4j:ERROR Could not instantiate appender named "TTCC".
Starting ChromeDriver 99.0.4844.51 (d537ec02474b5afe23684e7963d538896c63ac77-refs/branch-heads/4844@{#875}) on port 65363
Only local connections are allowed.
Please see https://chromedriver.chromium.org/security-considerations for suggestions on keeping ChromeDriver safe.
ChromeDriver was started successfully.
Mar 14, 2022 9:51:00 AM org.openqa.selenium.remote.ProtocolHandshake createSession
INFO: Detected dialect: W3C
Mar 14, 2022 9:51:01 AM org.openqa.selenium.devtools.CdpVersionFinder findNearestMatch
WARNING: Unable to find an exact match for CDP version 99, so returning the closest version found: 97
Mar 14, 2022 9:51:01 AM org.openqa.selenium.devtools.CdpVersionFinder findNearestMatch
INFO: Found CDP implementation for version 99 of 97
]]></system-err>
  </testcase>
  <testcase name="loginDtd[qweewq@gmail.com, 9834567890, invalid](2)" classname="com.opencart.testcases.tc_002_login_dtd" time="7.913">
    <system-out><![CDATA[ INFO [TestNG-tests-1] (tc_002_login_dtd.java:23)- login link cliked...
 INFO [TestNG-tests-1] (tc_002_login_dtd.java:26)- email entered...
 INFO [TestNG-tests-1] (tc_002_login_dtd.java:29)- password entered...
 INFO [TestNG-tests-1] (tc_002_login_dtd.java:33)- login button clicked...
 INFO [TestNG-tests-1] (tc_002_login_dtd.java:61)- testcase passed...
]]></system-out>
  </testcase>
  <testcase name="loginDtd[asddsa@gmail.com, 6734567890, invalid](3)" classname="com.opencart.testcases.tc_002_login_dtd" time="7.639">
    <system-out><![CDATA[ INFO [TestNG-tests-1] (tc_002_login_dtd.java:23)- login link cliked...
 INFO [TestNG-tests-1] (tc_002_login_dtd.java:26)- email entered...
 INFO [TestNG-tests-1] (tc_002_login_dtd.java:29)- password entered...
 INFO [TestNG-tests-1] (tc_002_login_dtd.java:33)- login button clicked...
 INFO [TestNG-tests-1] (tc_002_login_dtd.java:61)- testcase passed...
]]></system-out>
  </testcase>
  <testcase name="register" classname="com.opencart.testcases.tc_003_register" time="5.942">
    <system-out><![CDATA[ INFO [TestNG-tests-1] (baseClass.java:68)- clossing the browser...
 INFO [TestNG-tests-1] (baseClass.java:42)- chrome browser is starting...
 INFO [TestNG-tests-1] (baseClass.java:61)- url opened...
 INFO [TestNG-tests-1] (tc_003_register.java:20)- click on register link
 INFO [TestNG-tests-1] (tc_003_register.java:23)- enter firstname
 INFO [TestNG-tests-1] (tc_003_register.java:26)- enter lastname
 INFO [TestNG-tests-1] (tc_003_register.java:29)- enter email
 INFO [TestNG-tests-1] (tc_003_register.java:32)- enter telephone number
 INFO [TestNG-tests-1] (tc_003_register.java:35)- enter password
 INFO [TestNG-tests-1] (tc_003_register.java:38)- confirm password
 INFO [TestNG-tests-1] (tc_003_register.java:41)- click on privacy policy
 INFO [TestNG-tests-1] (tc_003_register.java:44)- click on continue button
]]></system-out>
    <system-err><![CDATA[log4j:ERROR Could not find value for key log4j.appender.TTCC
log4j:ERROR Could not instantiate appender named "TTCC".
Starting ChromeDriver 99.0.4844.51 (d537ec02474b5afe23684e7963d538896c63ac77-refs/branch-heads/4844@{#875}) on port 52279
Only local connections are allowed.
Please see https://chromedriver.chromium.org/security-considerations for suggestions on keeping ChromeDriver safe.
ChromeDriver was started successfully.
Mar 14, 2022 9:51:36 AM org.openqa.selenium.remote.ProtocolHandshake createSession
INFO: Detected dialect: W3C
Mar 14, 2022 9:51:36 AM org.openqa.selenium.devtools.CdpVersionFinder findNearestMatch
WARNING: Unable to find an exact match for CDP version 99, so returning the closest version found: 97
Mar 14, 2022 9:51:36 AM org.openqa.selenium.devtools.CdpVersionFinder findNearestMatch
INFO: Found CDP implementation for version 99 of 97
]]></system-err>
  </testcase>
  <testcase name="logOut" classname="com.opencart.testcases.tc_004_logout" time="9.919">
    <system-out><![CDATA[ INFO [TestNG-tests-1] (baseClass.java:68)- clossing the browser...
 INFO [TestNG-tests-1] (baseClass.java:42)- chrome browser is starting...
 INFO [TestNG-tests-1] (baseClass.java:61)- url opened...
 INFO [TestNG-tests-1] (tc_004_logout.java:17)- login link clicked...
 INFO [TestNG-tests-1] (tc_004_logout.java:20)- email entered...
 INFO [TestNG-tests-1] (tc_004_logout.java:23)- password entered...
 INFO [TestNG-tests-1] (tc_004_logout.java:27)- login button clicked...
 INFO [TestNG-tests-1] (tc_004_logout.java:30)- click on myaccount link
 INFO [TestNG-tests-1] (tc_004_logout.java:33)- logout link clicked
 INFO [TestNG-tests-1] (tc_004_logout.java:37)- successfully logged out
]]></system-out>
    <system-err><![CDATA[log4j:ERROR Could not find value for key log4j.appender.TTCC
log4j:ERROR Could not instantiate appender named "TTCC".
Starting ChromeDriver 99.0.4844.51 (d537ec02474b5afe23684e7963d538896c63ac77-refs/branch-heads/4844@{#875}) on port 54183
Only local connections are allowed.
Please see https://chromedriver.chromium.org/security-considerations for suggestions on keeping ChromeDriver safe.
ChromeDriver was started successfully.
Mar 14, 2022 9:51:45 AM org.openqa.selenium.remote.ProtocolHandshake createSession
INFO: Detected dialect: W3C
Mar 14, 2022 9:51:45 AM org.openqa.selenium.devtools.CdpVersionFinder findNearestMatch
WARNING: Unable to find an exact match for CDP version 99, so returning the closest version found: 97
Mar 14, 2022 9:51:45 AM org.openqa.selenium.devtools.CdpVersionFinder findNearestMatch
INFO: Found CDP implementation for version 99 of 97
]]></system-err>
  </testcase>
  <testcase name="searchProductWithValidName" classname="com.opencart.testcases.tc_005_searchProduct" time="1.601">
    <system-out><![CDATA[ INFO [TestNG-tests-1] (baseClass.java:68)- clossing the browser...
 INFO [TestNG-tests-1] (baseClass.java:42)- chrome browser is starting...
 INFO [TestNG-tests-1] (baseClass.java:61)- url opened...
 INFO [TestNG-tests-1] (tc_005_searchProduct.java:16)- enter product name
 INFO [TestNG-tests-1] (tc_005_searchProduct.java:19)- click on search button
 INFO [TestNG-tests-1] (tc_005_searchProduct.java:22)- search product found
]]></system-out>
    <system-err><![CDATA[log4j:ERROR Could not find value for key log4j.appender.TTCC
log4j:ERROR Could not instantiate appender named "TTCC".
Starting ChromeDriver 99.0.4844.51 (d537ec02474b5afe23684e7963d538896c63ac77-refs/branch-heads/4844@{#875}) on port 65339
Only local connections are allowed.
Please see https://chromedriver.chromium.org/security-considerations for suggestions on keeping ChromeDriver safe.
ChromeDriver was started successfully.
Mar 14, 2022 9:51:57 AM org.openqa.selenium.remote.ProtocolHandshake createSession
INFO: Detected dialect: W3C
Mar 14, 2022 9:51:57 AM org.openqa.selenium.devtools.CdpVersionFinder findNearestMatch
WARNING: Unable to find an exact match for CDP version 99, so returning the closest version found: 97
Mar 14, 2022 9:51:57 AM org.openqa.selenium.devtools.CdpVersionFinder findNearestMatch
INFO: Found CDP implementation for version 99 of 97
]]></system-err>
  </testcase>
  <testcase name="searchProductWithInvalidName" classname="com.opencart.testcases.tc_005_searchProduct" time="1.677">
    <system-out><![CDATA[ INFO [TestNG-tests-1] (tc_005_searchProduct.java:37)- enter product name
 INFO [TestNG-tests-1] (tc_005_searchProduct.java:40)- click on search button
 INFO [TestNG-tests-1] (tc_005_searchProduct.java:43)- no product listed
]]></system-out>
  </testcase>
  <testcase name="productDecription" classname="com.opencart.testcases.tc_006_productDescription" time="4.041">
    <system-out><![CDATA[ INFO [TestNG-tests-1] (baseClass.java:68)- clossing the browser...
 INFO [TestNG-tests-1] (baseClass.java:42)- chrome browser is starting...
 INFO [TestNG-tests-1] (baseClass.java:61)- url opened...
 INFO [TestNG-tests-1] (tc_006_productDescription.java:20)- enter product name
 INFO [TestNG-tests-1] (tc_006_productDescription.java:23)- click on search button
 INFO [TestNG-tests-1] (tc_006_productDescription.java:26)- click on search product
 INFO [TestNG-tests-1] (tc_006_productDescription.java:29)- product description found
]]></system-out>
    <system-err><![CDATA[log4j:ERROR Could not find value for key log4j.appender.TTCC
log4j:ERROR Could not instantiate appender named "TTCC".
Starting ChromeDriver 99.0.4844.51 (d537ec02474b5afe23684e7963d538896c63ac77-refs/branch-heads/4844@{#875}) on port 62435
Only local connections are allowed.
Please see https://chromedriver.chromium.org/security-considerations for suggestions on keeping ChromeDriver safe.
ChromeDriver was started successfully.
Mar 14, 2022 9:52:04 AM org.openqa.selenium.remote.ProtocolHandshake createSession
INFO: Detected dialect: W3C
Mar 14, 2022 9:52:04 AM org.openqa.selenium.devtools.CdpVersionFinder findNearestMatch
WARNING: Unable to find an exact match for CDP version 99, so returning the closest version found: 97
Mar 14, 2022 9:52:04 AM org.openqa.selenium.devtools.CdpVersionFinder findNearestMatch
INFO: Found CDP implementation for version 99 of 97
]]></system-err>
  </testcase>
  <testcase name="addToCart" classname="com.opencart.testcases.tc_007_addToCart" time="8.337">
    <system-out><![CDATA[ INFO [TestNG-tests-1] (baseClass.java:68)- clossing the browser...
 INFO [TestNG-tests-1] (baseClass.java:42)- chrome browser is starting...
 INFO [TestNG-tests-1] (baseClass.java:61)- url opened...
 INFO [TestNG-tests-1] (tc_007_addToCart.java:18)- click on the product
 INFO [TestNG-tests-1] (tc_007_addToCart.java:21)- enter the quantity
 INFO [TestNG-tests-1] (tc_007_addToCart.java:24)- click on add to cart button
 INFO [TestNG-tests-1] (tc_007_addToCart.java:29)- item added to cart
]]></system-out>
    <system-err><![CDATA[log4j:ERROR Could not find value for key log4j.appender.TTCC
log4j:ERROR Could not instantiate appender named "TTCC".
Starting ChromeDriver 99.0.4844.51 (d537ec02474b5afe23684e7963d538896c63ac77-refs/branch-heads/4844@{#875}) on port 61264
Only local connections are allowed.
Please see https://chromedriver.chromium.org/security-considerations for suggestions on keeping ChromeDriver safe.
ChromeDriver was started successfully.
Mar 14, 2022 9:52:11 AM org.openqa.selenium.remote.ProtocolHandshake createSession
INFO: Detected dialect: W3C
Mar 14, 2022 9:52:11 AM org.openqa.selenium.devtools.CdpVersionFinder findNearestMatch
WARNING: Unable to find an exact match for CDP version 99, so returning the closest version found: 97
Mar 14, 2022 9:52:11 AM org.openqa.selenium.devtools.CdpVersionFinder findNearestMatch
INFO: Found CDP implementation for version 99 of 97
]]></system-err>
  </testcase>
</testsuite>