<?xml version="1.0" encoding="UTF-8"?>
<testng-results ignored="0" total="10" passed="10" failed="0" skipped="0">
  <reporter-output>
  </reporter-output>
  <suite started-at="2022-03-14T09:50:44 IST" name="opencart" finished-at="2022-03-14T09:52:21 IST" duration-ms="97561">
    <groups>
    </groups>
    <test started-at="2022-03-14T09:50:44 IST" name="opencart webapp" finished-at="2022-03-14T09:52:21 IST" duration-ms="97561">
      <class name="com.opencart.testcases.tc_005_searchProduct">
        <test-method is-config="true" signature="setup(java.lang.String)[pri:0, instance:com.opencart.testcases.tc_005_searchProduct@3cc2931c]" started-at="2022-03-14T09:51:57 IST" name="setup" finished-at="2022-03-14T09:51:59 IST" duration-ms="2674" status="PASS">
          <params>
            <param index="0">
              <value>
                <![CDATA[chrome]]>
              </value>
            </param>
          </params>
          <reporter-output>
          </reporter-output>
        </test-method> <!-- setup -->
        <test-method signature="searchProductWithValidName()[pri:4, instance:com.opencart.testcases.tc_005_searchProduct@3cc2931c]" started-at="2022-03-14T09:51:59 IST" name="searchProductWithValidName" finished-at="2022-03-14T09:52:01 IST" duration-ms="1603" status="PASS">
          <reporter-output>
          </reporter-output>
        </test-method> <!-- searchProductWithValidName -->
        <test-method signature="searchProductWithInvalidName()[pri:5, instance:com.opencart.testcases.tc_005_searchProduct@3cc2931c]" started-at="2022-03-14T09:52:01 IST" name="searchProductWithInvalidName" finished-at="2022-03-14T09:52:02 IST" duration-ms="1677" status="PASS">
          <reporter-output>
          </reporter-output>
        </test-method> <!-- searchProductWithInvalidName -->
        <test-method is-config="true" signature="tearDown()[pri:0, instance:com.opencart.testcases.tc_005_searchProduct@3cc2931c]" started-at="2022-03-14T09:52:02 IST" name="tearDown" finished-at="2022-03-14T09:52:03 IST" duration-ms="254" status="PASS">
          <reporter-output>
          </reporter-output>
        </test-method> <!-- tearDown -->
      </class> <!-- com.opencart.testcases.tc_005_searchProduct -->
      <class name="com.opencart.testcases.tc_004_logout">
        <test-method is-config="true" signature="setup(java.lang.String)[pri:0, instance:com.opencart.testcases.tc_004_logout@59d016c9]" started-at="2022-03-14T09:51:44 IST" name="setup" finished-at="2022-03-14T09:51:46 IST" duration-ms="2663" status="PASS">
          <params>
            <param index="0">
              <value>
                <![CDATA[chrome]]>
              </value>
            </param>
          </params>
          <reporter-output>
          </reporter-output>
        </test-method> <!-- setup -->
        <test-method signature="logOut()[pri:3, instance:com.opencart.testcases.tc_004_logout@59d016c9]" started-at="2022-03-14T09:51:46 IST" name="logOut" finished-at="2022-03-14T09:51:56 IST" duration-ms="9921" status="PASS">
          <reporter-output>
          </reporter-output>
        </test-method> <!-- logOut -->
        <test-method is-config="true" signature="tearDown()[pri:0, instance:com.opencart.testcases.tc_004_logout@59d016c9]" started-at="2022-03-14T09:51:56 IST" name="tearDown" finished-at="2022-03-14T09:51:57 IST" duration-ms="245" status="PASS">
          <reporter-output>
          </reporter-output>
        </test-method> <!-- tearDown -->
      </class> <!-- com.opencart.testcases.tc_004_logout -->
      <class name="com.opencart.testcases.tc_001_login">
        <test-method is-config="true" signature="setup(java.lang.String)[pri:0, instance:com.opencart.testcases.tc_001_login@1f3f4916]" started-at="2022-03-14T09:50:44 IST" name="setup" finished-at="2022-03-14T09:50:48 IST" duration-ms="3919" status="PASS">
          <params>
            <param index="0">
              <value>
                <![CDATA[chrome]]>
              </value>
            </param>
          </params>
          <reporter-output>
          </reporter-output>
        </test-method> <!-- setup -->
        <test-method signature="login()[pri:0, instance:com.opencart.testcases.tc_001_login@1f3f4916]" started-at="2022-03-14T09:50:48 IST" name="login" finished-at="2022-03-14T09:50:59 IST" duration-ms="11432" status="PASS">
          <reporter-output>
          </reporter-output>
        </test-method> <!-- login -->
        <test-method is-config="true" signature="tearDown()[pri:0, instance:com.opencart.testcases.tc_001_login@1f3f4916]" started-at="2022-03-14T09:50:59 IST" name="tearDown" finished-at="2022-03-14T09:50:59 IST" duration-ms="257" status="PASS">
          <reporter-output>
          </reporter-output>
        </test-method> <!-- tearDown -->
      </class> <!-- com.opencart.testcases.tc_001_login -->
      <class name="com.opencart.testcases.tc_006_productDescription">
        <test-method is-config="true" signature="setup(java.lang.String)[pri:0, instance:com.opencart.testcases.tc_006_productDescription@20d28811]" started-at="2022-03-14T09:52:03 IST" name="setup" finished-at="2022-03-14T09:52:06 IST" duration-ms="2993" status="PASS">
          <params>
            <param index="0">
              <value>
                <![CDATA[chrome]]>
              </value>
            </param>
          </params>
          <reporter-output>
          </reporter-output>
        </test-method> <!-- setup -->
        <test-method signature="productDecription()[pri:6, instance:com.opencart.testcases.tc_006_productDescription@20d28811]" started-at="2022-03-14T09:52:06 IST" name="productDecription" finished-at="2022-03-14T09:52:10 IST" duration-ms="4045" status="PASS">
          <reporter-output>
          </reporter-output>
        </test-method> <!-- productDecription -->
        <test-method is-config="true" signature="tearDown()[pri:0, instance:com.opencart.testcases.tc_006_productDescription@20d28811]" started-at="2022-03-14T09:52:10 IST" name="tearDown" finished-at="2022-03-14T09:52:10 IST" duration-ms="250" status="PASS">
          <reporter-output>
          </reporter-output>
        </test-method> <!-- tearDown -->
      </class> <!-- com.opencart.testcases.tc_006_productDescription -->
      <class name="com.opencart.testcases.tc_002_login_dtd">
        <test-method is-config="true" signature="setup(java.lang.String)[pri:0, instance:com.opencart.testcases.tc_002_login_dtd@794cb805]" started-at="2022-03-14T09:50:59 IST" name="setup" finished-at="2022-03-14T09:51:02 IST" duration-ms="2947" status="PASS">
          <params>
            <param index="0">
              <value>
                <![CDATA[chrome]]>
              </value>
            </param>
          </params>
          <reporter-output>
          </reporter-output>
        </test-method> <!-- setup -->
        <test-method signature="loginDtd(java.lang.String, java.lang.String, java.lang.String)[pri:1, instance:com.opencart.testcases.tc_002_login_dtd@794cb805]" started-at="2022-03-14T09:51:03 IST" name="loginDtd" data-provider="loginData" finished-at="2022-03-14T09:51:19 IST" duration-ms="15610" status="PASS">
          <params>
            <param index="0">
              <value>
                <![CDATA[zxccxz@gmail.com]]>
              </value>
            </param>
            <param index="1">
              <value>
                <![CDATA[1234567890]]>
              </value>
            </param>
            <param index="2">
              <value>
                <![CDATA[valid]]>
              </value>
            </param>
          </params>
          <reporter-output>
          </reporter-output>
        </test-method> <!-- loginDtd -->
        <test-method signature="loginDtd(java.lang.String, java.lang.String, java.lang.String)[pri:1, instance:com.opencart.testcases.tc_002_login_dtd@794cb805]" started-at="2022-03-14T09:51:19 IST" name="loginDtd" data-provider="loginData" finished-at="2022-03-14T09:51:27 IST" duration-ms="7911" status="PASS">
          <params>
            <param index="0">
              <value>
                <![CDATA[qweewq@gmail.com]]>
              </value>
            </param>
            <param index="1">
              <value>
                <![CDATA[9834567890]]>
              </value>
            </param>
            <param index="2">
              <value>
                <![CDATA[invalid]]>
              </value>
            </param>
          </params>
          <reporter-output>
          </reporter-output>
        </test-method> <!-- loginDtd -->
        <test-method signature="loginDtd(java.lang.String, java.lang.String, java.lang.String)[pri:1, instance:com.opencart.testcases.tc_002_login_dtd@794cb805]" started-at="2022-03-14T09:51:27 IST" name="loginDtd" data-provider="loginData" finished-at="2022-03-14T09:51:34 IST" duration-ms="7638" status="PASS">
          <params>
            <param index="0">
              <value>
                <![CDATA[asddsa@gmail.com]]>
              </value>
            </param>
            <param index="1">
              <value>
                <![CDATA[6734567890]]>
              </value>
            </param>
            <param index="2">
              <value>
                <![CDATA[invalid]]>
              </value>
            </param>
          </params>
          <reporter-output>
          </reporter-output>
        </test-method> <!-- loginDtd -->
        <test-method is-config="true" signature="tearDown()[pri:0, instance:com.opencart.testcases.tc_002_login_dtd@794cb805]" started-at="2022-03-14T09:51:34 IST" name="tearDown" finished-at="2022-03-14T09:51:35 IST" duration-ms="263" status="PASS">
          <reporter-output>
          </reporter-output>
        </test-method> <!-- tearDown -->
      </class> <!-- com.opencart.testcases.tc_002_login_dtd -->
      <class name="com.opencart.testcases.tc_007_addToCart">
        <test-method is-config="true" signature="setup(java.lang.String)[pri:0, instance:com.opencart.testcases.tc_007_addToCart@3967e60c]" started-at="2022-03-14T09:52:10 IST" name="setup" finished-at="2022-03-14T09:52:13 IST" duration-ms="2563" status="PASS">
          <params>
            <param index="0">
              <value>
                <![CDATA[chrome]]>
              </value>
            </param>
          </params>
          <reporter-output>
          </reporter-output>
        </test-method> <!-- setup -->
        <test-method signature="addToCart()[pri:7, instance:com.opencart.testcases.tc_007_addToCart@3967e60c]" started-at="2022-03-14T09:52:13 IST" name="addToCart" finished-at="2022-03-14T09:52:21 IST" duration-ms="8339" status="PASS">
          <reporter-output>
          </reporter-output>
        </test-method> <!-- addToCart -->
        <test-method is-config="true" signature="tearDown()[pri:0, instance:com.opencart.testcases.tc_007_addToCart@3967e60c]" started-at="2022-03-14T09:52:21 IST" name="tearDown" finished-at="2022-03-14T09:52:21 IST" duration-ms="250" status="PASS">
          <reporter-output>
          </reporter-output>
        </test-method> <!-- tearDown -->
      </class> <!-- com.opencart.testcases.tc_007_addToCart -->
      <class name="com.opencart.testcases.tc_003_register">
        <test-method is-config="true" signature="setup(java.lang.String)[pri:0, instance:com.opencart.testcases.tc_003_register@4b5a5ed1]" started-at="2022-03-14T09:51:35 IST" name="setup" finished-at="2022-03-14T09:51:37 IST" duration-ms="2734" status="PASS">
          <params>
            <param index="0">
              <value>
                <![CDATA[chrome]]>
              </value>
            </param>
          </params>
          <reporter-output>
          </reporter-output>
        </test-method> <!-- setup -->
        <test-method signature="register()[pri:2, instance:com.opencart.testcases.tc_003_register@4b5a5ed1]" started-at="2022-03-14T09:51:37 IST" name="register" finished-at="2022-03-14T09:51:43 IST" duration-ms="5956" status="PASS">
          <reporter-output>
          </reporter-output>
        </test-method> <!-- register -->
        <test-method is-config="true" signature="tearDown()[pri:0, instance:com.opencart.testcases.tc_003_register@4b5a5ed1]" started-at="2022-03-14T09:51:43 IST" name="tearDown" finished-at="2022-03-14T09:51:44 IST" duration-ms="307" status="PASS">
          <reporter-output>
          </reporter-output>
        </test-method> <!-- tearDown -->
      </class> <!-- com.opencart.testcases.tc_003_register -->
    </test> <!-- opencart webapp -->
  </suite> <!-- opencart -->
</testng-results>
